{"level":"INFO","time":"2023-12-21T16:57:07.809+0800","caller":"goweb/main.go:34","msg":"logger init success"}
{"level":"INFO","time":"2023-12-21T16:57:07.810+0800","caller":"goweb/main.go:37","msg":"mysql init..."}
{"level":"INFO","time":"2023-12-21T16:57:07.812+0800","caller":"goweb/main.go:42","msg":"mysql init success"}
{"level":"INFO","time":"2023-12-21T16:57:07.812+0800","caller":"goweb/main.go:45","msg":"redis init..."}
{"level":"INFO","time":"2023-12-21T16:57:07.813+0800","caller":"goweb/main.go:50","msg":"redis init success"}
{"level":"INFO","time":"2023-12-21T16:57:07.813+0800","caller":"goweb/main.go:53","msg":"snowflake init..."}
{"level":"INFO","time":"2023-12-21T16:57:07.813+0800","caller":"goweb/main.go:58","msg":"snowflake init success"}
{"level":"INFO","time":"2023-12-21T16:57:07.813+0800","caller":"goweb/main.go:60","msg":"validator init..."}
{"level":"INFO","time":"2023-12-21T16:57:07.813+0800","caller":"goweb/main.go:65","msg":"validator init success"}
{"level":"INFO","time":"2023-12-21T16:57:18.574+0800","caller":"logger/logger.go:97","msg":"/login","status":200,"method":"POST","path":"/login","query":"","ip":"127.0.0.1","user-agent":"PostmanRuntime/7.36.0","errors":"","cost":0.0476622}
{"level":"INFO","time":"2023-12-21T19:47:17.159+0800","caller":"goweb/main.go:34","msg":"logger init success"}
{"level":"INFO","time":"2023-12-21T19:47:17.160+0800","caller":"goweb/main.go:37","msg":"mysql init..."}
{"level":"INFO","time":"2023-12-21T19:47:17.172+0800","caller":"goweb/main.go:42","msg":"mysql init success"}
{"level":"INFO","time":"2023-12-21T19:47:17.172+0800","caller":"goweb/main.go:45","msg":"redis init..."}
{"level":"INFO","time":"2023-12-21T19:47:17.173+0800","caller":"goweb/main.go:50","msg":"redis init success"}
{"level":"INFO","time":"2023-12-21T19:47:17.173+0800","caller":"goweb/main.go:53","msg":"snowflake init..."}
{"level":"INFO","time":"2023-12-21T19:47:17.173+0800","caller":"goweb/main.go:58","msg":"snowflake init success"}
{"level":"INFO","time":"2023-12-21T19:47:17.173+0800","caller":"goweb/main.go:60","msg":"validator init..."}
{"level":"INFO","time":"2023-12-21T19:47:17.173+0800","caller":"goweb/main.go:65","msg":"validator init success"}
{"level":"INFO","time":"2023-12-21T19:48:27.580+0800","caller":"logger/logger.go:97","msg":"/ping","status":200,"method":"GET","path":"/ping","query":"","ip":"127.0.0.1","user-agent":"PostmanRuntime/7.36.0","errors":"","cost":0}
{"level":"INFO","time":"2023-12-21T19:48:35.300+0800","caller":"logger/logger.go:97","msg":"/ping","status":200,"method":"GET","path":"/ping","query":"","ip":"127.0.0.1","user-agent":"PostmanRuntime/7.36.0","errors":"","cost":0}
{"level":"INFO","time":"2023-12-21T19:49:46.601+0800","caller":"goweb/main.go:34","msg":"logger init success"}
{"level":"INFO","time":"2023-12-21T19:49:46.602+0800","caller":"goweb/main.go:37","msg":"mysql init..."}
{"level":"INFO","time":"2023-12-21T19:49:46.604+0800","caller":"goweb/main.go:42","msg":"mysql init success"}
{"level":"INFO","time":"2023-12-21T19:49:46.604+0800","caller":"goweb/main.go:45","msg":"redis init..."}
{"level":"INFO","time":"2023-12-21T19:49:46.605+0800","caller":"goweb/main.go:50","msg":"redis init success"}
{"level":"INFO","time":"2023-12-21T19:49:46.605+0800","caller":"goweb/main.go:53","msg":"snowflake init..."}
{"level":"INFO","time":"2023-12-21T19:49:46.605+0800","caller":"goweb/main.go:58","msg":"snowflake init success"}
{"level":"INFO","time":"2023-12-21T19:49:46.605+0800","caller":"goweb/main.go:60","msg":"validator init..."}
{"level":"INFO","time":"2023-12-21T19:49:46.605+0800","caller":"goweb/main.go:65","msg":"validator init success"}
{"level":"INFO","time":"2023-12-21T19:50:03.241+0800","caller":"logger/logger.go:97","msg":"/ping","status":200,"method":"GET","path":"/ping","query":"","ip":"127.0.0.1","user-agent":"PostmanRuntime/7.36.0","errors":"","cost":0}
{"level":"INFO","time":"2023-12-21T19:50:19.372+0800","caller":"logger/logger.go:97","msg":"/login","status":404,"method":"GET","path":"/login","query":"","ip":"127.0.0.1","user-agent":"PostmanRuntime/7.36.0","errors":"","cost":0}
{"level":"INFO","time":"2023-12-21T19:51:08.496+0800","caller":"logger/logger.go:97","msg":"/login","status":200,"method":"POST","path":"/login","query":"","ip":"127.0.0.1","user-agent":"PostmanRuntime/7.36.0","errors":"","cost":0.0651583}
{"level":"INFO","time":"2023-12-21T19:51:44.663+0800","caller":"logger/logger.go:97","msg":"/ping","status":200,"method":"GET","path":"/ping","query":"","ip":"127.0.0.1","user-agent":"PostmanRuntime/7.36.0","errors":"","cost":0}
{"level":"INFO","time":"2023-12-21T19:54:23.499+0800","caller":"logger/logger.go:97","msg":"/ping","status":200,"method":"GET","path":"/ping","query":"","ip":"127.0.0.1","user-agent":"PostmanRuntime/7.36.0","errors":"","cost":0}
{"level":"INFO","time":"2023-12-21T19:56:25.639+0800","caller":"logger/logger.go:97","msg":"/ping","status":200,"method":"GET","path":"/ping","query":"","ip":"127.0.0.1","user-agent":"PostmanRuntime/7.36.0","errors":"","cost":0}
{"level":"INFO","time":"2023-12-21T19:57:06.217+0800","caller":"logger/logger.go:97","msg":"/ping","status":200,"method":"GET","path":"/ping","query":"","ip":"127.0.0.1","user-agent":"PostmanRuntime/7.36.0","errors":"","cost":0}
{"level":"INFO","time":"2023-12-21T19:58:46.733+0800","caller":"goweb/main.go:34","msg":"logger init success"}
{"level":"INFO","time":"2023-12-21T19:58:46.733+0800","caller":"goweb/main.go:37","msg":"mysql init..."}
{"level":"INFO","time":"2023-12-21T19:58:46.736+0800","caller":"goweb/main.go:42","msg":"mysql init success"}
{"level":"INFO","time":"2023-12-21T19:58:46.736+0800","caller":"goweb/main.go:45","msg":"redis init..."}
{"level":"INFO","time":"2023-12-21T19:58:46.736+0800","caller":"goweb/main.go:50","msg":"redis init success"}
{"level":"INFO","time":"2023-12-21T19:58:46.736+0800","caller":"goweb/main.go:53","msg":"snowflake init..."}
{"level":"INFO","time":"2023-12-21T19:58:46.737+0800","caller":"goweb/main.go:58","msg":"snowflake init success"}
{"level":"INFO","time":"2023-12-21T19:58:46.737+0800","caller":"goweb/main.go:60","msg":"validator init..."}
{"level":"INFO","time":"2023-12-21T19:58:46.737+0800","caller":"goweb/main.go:65","msg":"validator init success"}
{"level":"INFO","time":"2023-12-21T19:58:49.080+0800","caller":"logger/logger.go:97","msg":"/ping","status":200,"method":"GET","path":"/ping","query":"","ip":"127.0.0.1","user-agent":"PostmanRuntime/7.36.0","errors":"","cost":0.0005019}
{"level":"INFO","time":"2023-12-21T19:59:47.414+0800","caller":"goweb/main.go:34","msg":"logger init success"}
{"level":"INFO","time":"2023-12-21T19:59:47.415+0800","caller":"goweb/main.go:37","msg":"mysql init..."}
{"level":"INFO","time":"2023-12-21T19:59:47.417+0800","caller":"goweb/main.go:42","msg":"mysql init success"}
{"level":"INFO","time":"2023-12-21T19:59:47.417+0800","caller":"goweb/main.go:45","msg":"redis init..."}
{"level":"INFO","time":"2023-12-21T19:59:47.418+0800","caller":"goweb/main.go:50","msg":"redis init success"}
{"level":"INFO","time":"2023-12-21T19:59:47.418+0800","caller":"goweb/main.go:53","msg":"snowflake init..."}
{"level":"INFO","time":"2023-12-21T19:59:47.418+0800","caller":"goweb/main.go:58","msg":"snowflake init success"}
{"level":"INFO","time":"2023-12-21T19:59:47.418+0800","caller":"goweb/main.go:60","msg":"validator init..."}
{"level":"INFO","time":"2023-12-21T19:59:47.418+0800","caller":"goweb/main.go:65","msg":"validator init success"}
{"level":"INFO","time":"2023-12-21T19:59:49.609+0800","caller":"logger/logger.go:97","msg":"/ping","status":200,"method":"GET","path":"/ping","query":"","ip":"127.0.0.1","user-agent":"PostmanRuntime/7.36.0","errors":"","cost":0}
{"level":"INFO","time":"2023-12-21T19:59:51.379+0800","caller":"logger/logger.go:97","msg":"/ping","status":200,"method":"GET","path":"/ping","query":"","ip":"127.0.0.1","user-agent":"PostmanRuntime/7.36.0","errors":"","cost":0}
{"level":"INFO","time":"2023-12-21T19:59:53.000+0800","caller":"logger/logger.go:97","msg":"/ping","status":200,"method":"GET","path":"/ping","query":"","ip":"127.0.0.1","user-agent":"PostmanRuntime/7.36.0","errors":"","cost":0}
{"level":"INFO","time":"2023-12-21T20:05:36.367+0800","caller":"goweb/main.go:34","msg":"logger init success"}
{"level":"INFO","time":"2023-12-21T20:05:36.368+0800","caller":"goweb/main.go:37","msg":"mysql init..."}
{"level":"INFO","time":"2023-12-21T20:05:36.370+0800","caller":"goweb/main.go:42","msg":"mysql init success"}
{"level":"INFO","time":"2023-12-21T20:05:36.370+0800","caller":"goweb/main.go:45","msg":"redis init..."}
{"level":"INFO","time":"2023-12-21T20:05:36.371+0800","caller":"goweb/main.go:50","msg":"redis init success"}
{"level":"INFO","time":"2023-12-21T20:05:36.371+0800","caller":"goweb/main.go:53","msg":"snowflake init..."}
{"level":"INFO","time":"2023-12-21T20:05:36.371+0800","caller":"goweb/main.go:58","msg":"snowflake init success"}
{"level":"INFO","time":"2023-12-21T20:05:36.371+0800","caller":"goweb/main.go:60","msg":"validator init..."}
{"level":"INFO","time":"2023-12-21T20:05:36.371+0800","caller":"goweb/main.go:65","msg":"validator init success"}
{"level":"INFO","time":"2023-12-21T20:05:38.851+0800","caller":"jwt/jwt.go:36","msg":"","token: ":"eyJhbGciOiJIUzI1NiIsInR5cCI6IkpXVCJ9.eyJ1c2VyX2lkIjoyMDg2NDg1Njc1MjUzNzYsInVzZXJuYW1lIjoiaGFyaWEiLCJleHAiOjE3MDMxNjY2NjgsImlzcyI6ImdvLXdlYiJ9.C5I7ccLcxGxh5agZ7j61OiBGmJy93uefebnYv-YdOa0"}
{"level":"INFO","time":"2023-12-21T20:05:38.852+0800","caller":"logger/logger.go:97","msg":"/ping","status":200,"method":"GET","path":"/ping","query":"","ip":"127.0.0.1","user-agent":"PostmanRuntime/7.36.0","errors":"","cost":0.0005018}
{"level":"INFO","time":"2023-12-21T20:08:55.546+0800","caller":"jwt/jwt.go:36","msg":"","token: ":"eyJhbGciOiJIUzI1NiIsInR5cCI6IkpXVCJ9.eyJ1c2VyX2lkIjoyMDg2NDg1Njc1MjUzNzYsInVzZXJuYW1lIjoiaGFyaWEiLCJleHAiOjE3MDMxNjY2NjgsImlzcyI6ImdvLXdlYiJ9.C5I7ccLcxGxh5agZ7j61OiBGmJy93uefebnYv-YdOa0"}
{"level":"INFO","time":"2023-12-21T20:08:55.547+0800","caller":"logger/logger.go:97","msg":"/ping","status":200,"method":"GET","path":"/ping","query":"","ip":"127.0.0.1","user-agent":"PostmanRuntime/7.36.0","errors":"","cost":0.0005012}
{"level":"INFO","time":"2023-12-21T20:09:30.751+0800","caller":"jwt/jwt.go:36","msg":"","token: ":"eyJhbGciOiJIUzI1NiIsInR5cCI6IkpXVCJ9.eyJ1c2VyX2lkIjoyMDg2NDg1Njc1MjUzNzYsInVzZXJuYW1lIjoiaGFyaWEiLCJleHAiOjE3MDMxNjY2NjgsImlzcyI6ImdvLXdlYiJ9.C5I7ccLcxGxh5agZ7j61OiBGmJy93uefebnYv-YdOa0"}
{"level":"INFO","time":"2023-12-21T20:09:30.752+0800","caller":"logger/logger.go:97","msg":"/ping","status":200,"method":"GET","path":"/ping","query":"","ip":"127.0.0.1","user-agent":"PostmanRuntime/7.36.0","errors":"","cost":0.0001758}
{"level":"INFO","time":"2023-12-21T20:17:09.741+0800","caller":"goweb/main.go:34","msg":"logger init success"}
{"level":"INFO","time":"2023-12-21T20:17:09.741+0800","caller":"goweb/main.go:37","msg":"mysql init..."}
{"level":"INFO","time":"2023-12-21T20:17:09.743+0800","caller":"goweb/main.go:42","msg":"mysql init success"}
{"level":"INFO","time":"2023-12-21T20:17:09.743+0800","caller":"goweb/main.go:45","msg":"redis init..."}
{"level":"INFO","time":"2023-12-21T20:17:09.744+0800","caller":"goweb/main.go:50","msg":"redis init success"}
{"level":"INFO","time":"2023-12-21T20:17:09.744+0800","caller":"goweb/main.go:53","msg":"snowflake init..."}
{"level":"INFO","time":"2023-12-21T20:17:09.744+0800","caller":"goweb/main.go:58","msg":"snowflake init success"}
{"level":"INFO","time":"2023-12-21T20:17:09.744+0800","caller":"goweb/main.go:60","msg":"validator init..."}
{"level":"INFO","time":"2023-12-21T20:17:09.744+0800","caller":"goweb/main.go:65","msg":"validator init success"}
{"level":"INFO","time":"2023-12-21T20:17:18.654+0800","caller":"jwt/jwt.go:36","msg":"","token: ":"eyJhbGciOiJIUzI1NiIsInR5cCI6IkpXVCJ9.eyJ1c2VyX2lkIjoyMDg2NDg1Njc1MjUzNzYsInVzZXJuYW1lIjoiaGFyaWEiLCJleHAiOjE3MDMxNjY2NjgsImlzcyI6ImdvLXdlYiJ9.C5I7ccLcxGxh5agZ7j61OiBGmJy93uefebnYv-YdOa0"}
{"level":"INFO","time":"2023-12-21T20:17:18.655+0800","caller":"logger/logger.go:97","msg":"/ping","status":200,"method":"GET","path":"/ping","query":"","ip":"127.0.0.1","user-agent":"PostmanRuntime/7.36.0","errors":"","cost":0.0005014}
{"level":"INFO","time":"2023-12-21T20:17:29.953+0800","caller":"logger/logger.go:97","msg":"/ping","status":200,"method":"GET","path":"/ping","query":"","ip":"127.0.0.1","user-agent":"PostmanRuntime/7.36.0","errors":"","cost":0}
{"level":"INFO","time":"2023-12-21T20:19:47.209+0800","caller":"goweb/main.go:34","msg":"logger init success"}
{"level":"INFO","time":"2023-12-21T20:19:47.210+0800","caller":"goweb/main.go:37","msg":"mysql init..."}
{"level":"INFO","time":"2023-12-21T20:19:47.212+0800","caller":"goweb/main.go:42","msg":"mysql init success"}
{"level":"INFO","time":"2023-12-21T20:19:47.213+0800","caller":"goweb/main.go:45","msg":"redis init..."}
{"level":"INFO","time":"2023-12-21T20:19:47.214+0800","caller":"goweb/main.go:50","msg":"redis init success"}
{"level":"INFO","time":"2023-12-21T20:19:47.214+0800","caller":"goweb/main.go:53","msg":"snowflake init..."}
{"level":"INFO","time":"2023-12-21T20:19:47.214+0800","caller":"goweb/main.go:58","msg":"snowflake init success"}
{"level":"INFO","time":"2023-12-21T20:19:47.214+0800","caller":"goweb/main.go:60","msg":"validator init..."}
{"level":"INFO","time":"2023-12-21T20:19:47.214+0800","caller":"goweb/main.go:65","msg":"validator init success"}
{"level":"INFO","time":"2023-12-21T20:19:51.282+0800","caller":"logger/logger.go:97","msg":"/ping","status":200,"method":"GET","path":"/ping","query":"","ip":"127.0.0.1","user-agent":"PostmanRuntime/7.36.0","errors":"","cost":0.0010057}
{"level":"INFO","time":"2023-12-21T20:20:13.315+0800","caller":"logger/logger.go:97","msg":"/ping","status":200,"method":"GET","path":"/ping","query":"","ip":"127.0.0.1","user-agent":"PostmanRuntime/7.36.0","errors":"","cost":0}
{"level":"INFO","time":"2023-12-21T20:20:14.692+0800","caller":"logger/logger.go:97","msg":"/ping","status":200,"method":"GET","path":"/ping","query":"","ip":"127.0.0.1","user-agent":"PostmanRuntime/7.36.0","errors":"","cost":0}
{"level":"INFO","time":"2023-12-21T20:20:16.437+0800","caller":"logger/logger.go:97","msg":"/ping","status":200,"method":"GET","path":"/ping","query":"","ip":"127.0.0.1","user-agent":"PostmanRuntime/7.36.0","errors":"","cost":0}
{"level":"INFO","time":"2023-12-21T22:17:26.319+0800","caller":"goweb/main.go:34","msg":"logger init success"}
{"level":"INFO","time":"2023-12-21T22:17:26.320+0800","caller":"goweb/main.go:37","msg":"mysql init..."}
{"level":"INFO","time":"2023-12-21T22:17:26.323+0800","caller":"goweb/main.go:42","msg":"mysql init success"}
{"level":"INFO","time":"2023-12-21T22:17:26.323+0800","caller":"goweb/main.go:45","msg":"redis init..."}
{"level":"INFO","time":"2023-12-21T22:17:26.324+0800","caller":"goweb/main.go:50","msg":"redis init success"}
{"level":"INFO","time":"2023-12-21T22:17:26.324+0800","caller":"goweb/main.go:53","msg":"snowflake init..."}
{"level":"INFO","time":"2023-12-21T22:17:26.324+0800","caller":"goweb/main.go:58","msg":"snowflake init success"}
{"level":"INFO","time":"2023-12-21T22:17:26.324+0800","caller":"goweb/main.go:60","msg":"validator init..."}
{"level":"INFO","time":"2023-12-21T22:17:26.324+0800","caller":"goweb/main.go:65","msg":"validator init success"}
{"level":"INFO","time":"2023-12-21T22:17:40.087+0800","caller":"logger/logger.go:97","msg":"/api/v1/community","status":200,"method":"GET","path":"/api/v1/community","query":"","ip":"127.0.0.1","user-agent":"PostmanRuntime/7.36.0","errors":"","cost":0}
{"level":"INFO","time":"2023-12-21T22:17:45.795+0800","caller":"logger/logger.go:97","msg":"/api/v1/community","status":200,"method":"GET","path":"/api/v1/community","query":"","ip":"127.0.0.1","user-agent":"PostmanRuntime/7.36.0","errors":"","cost":0}
{"level":"ERROR","time":"2023-12-21T22:18:21.072+0800","caller":"controller/user.go:53","msg":"Login with invalid param","error":"EOF"}
{"level":"INFO","time":"2023-12-21T22:18:21.072+0800","caller":"logger/logger.go:97","msg":"/api/v1/login","status":200,"method":"POST","path":"/api/v1/login","query":"","ip":"127.0.0.1","user-agent":"PostmanRuntime/7.36.0","errors":"","cost":0.0002126}
{"level":"INFO","time":"2023-12-21T22:19:19.637+0800","caller":"logger/logger.go:97","msg":"/api/v1/login","status":200,"method":"POST","path":"/api/v1/login","query":"","ip":"127.0.0.1","user-agent":"PostmanRuntime/7.36.0","errors":"","cost":0.0514712}
{"level":"INFO","time":"2023-12-21T22:19:49.795+0800","caller":"logger/logger.go:97","msg":"/api/v1/community","status":200,"method":"GET","path":"/api/v1/community","query":"","ip":"127.0.0.1","user-agent":"PostmanRuntime/7.36.0","errors":"","cost":0.0007723}
{"level":"INFO","time":"2023-12-21T22:20:10.804+0800","caller":"logger/logger.go:97","msg":"/api/v1/community","status":200,"method":"GET","path":"/api/v1/community","query":"","ip":"127.0.0.1","user-agent":"PostmanRuntime/7.36.0","errors":"","cost":0.0015252}
{"level":"INFO","time":"2023-12-21T22:20:55.417+0800","caller":"goweb/main.go:34","msg":"logger init success"}
{"level":"INFO","time":"2023-12-21T22:20:55.418+0800","caller":"goweb/main.go:37","msg":"mysql init..."}
{"level":"INFO","time":"2023-12-21T22:20:55.420+0800","caller":"goweb/main.go:42","msg":"mysql init success"}
{"level":"INFO","time":"2023-12-21T22:20:55.420+0800","caller":"goweb/main.go:45","msg":"redis init..."}
{"level":"INFO","time":"2023-12-21T22:20:55.421+0800","caller":"goweb/main.go:50","msg":"redis init success"}
{"level":"INFO","time":"2023-12-21T22:20:55.421+0800","caller":"goweb/main.go:53","msg":"snowflake init..."}
{"level":"INFO","time":"2023-12-21T22:20:55.421+0800","caller":"goweb/main.go:58","msg":"snowflake init success"}
{"level":"INFO","time":"2023-12-21T22:20:55.421+0800","caller":"goweb/main.go:60","msg":"validator init..."}
{"level":"INFO","time":"2023-12-21T22:20:55.421+0800","caller":"goweb/main.go:65","msg":"validator init success"}
{"level":"INFO","time":"2023-12-21T22:20:59.991+0800","caller":"logger/logger.go:97","msg":"/api/v1/community","status":200,"method":"GET","path":"/api/v1/community","query":"","ip":"127.0.0.1","user-agent":"PostmanRuntime/7.36.0","errors":"","cost":0.001504}
{"level":"INFO","time":"2023-12-21T22:21:02.706+0800","caller":"logger/logger.go:97","msg":"/api/v1/community","status":200,"method":"GET","path":"/api/v1/community","query":"","ip":"127.0.0.1","user-agent":"PostmanRuntime/7.36.0","errors":"","cost":0.0005017}
{"level":"INFO","time":"2023-12-21T22:21:21.926+0800","caller":"goweb/main.go:34","msg":"logger init success"}
{"level":"INFO","time":"2023-12-21T22:21:21.927+0800","caller":"goweb/main.go:37","msg":"mysql init..."}
{"level":"INFO","time":"2023-12-21T22:21:21.929+0800","caller":"goweb/main.go:42","msg":"mysql init success"}
{"level":"INFO","time":"2023-12-21T22:21:21.929+0800","caller":"goweb/main.go:45","msg":"redis init..."}
{"level":"INFO","time":"2023-12-21T22:21:21.929+0800","caller":"goweb/main.go:50","msg":"redis init success"}
{"level":"INFO","time":"2023-12-21T22:21:21.930+0800","caller":"goweb/main.go:53","msg":"snowflake init..."}
{"level":"INFO","time":"2023-12-21T22:21:21.930+0800","caller":"goweb/main.go:58","msg":"snowflake init success"}
{"level":"INFO","time":"2023-12-21T22:21:21.930+0800","caller":"goweb/main.go:60","msg":"validator init..."}
{"level":"INFO","time":"2023-12-21T22:21:21.930+0800","caller":"goweb/main.go:65","msg":"validator init success"}
{"level":"INFO","time":"2023-12-21T22:21:24.723+0800","caller":"logger/logger.go:97","msg":"/api/v1/community","status":200,"method":"GET","path":"/api/v1/community","query":"","ip":"127.0.0.1","user-agent":"PostmanRuntime/7.36.0","errors":"","cost":0.0010033}
{"level":"INFO","time":"2023-12-21T22:24:05.262+0800","caller":"goweb/main.go:34","msg":"logger init success"}
{"level":"INFO","time":"2023-12-21T22:24:05.263+0800","caller":"goweb/main.go:37","msg":"mysql init..."}
{"level":"INFO","time":"2023-12-21T22:24:05.265+0800","caller":"goweb/main.go:42","msg":"mysql init success"}
{"level":"INFO","time":"2023-12-21T22:24:05.265+0800","caller":"goweb/main.go:45","msg":"redis init..."}
{"level":"INFO","time":"2023-12-21T22:24:05.266+0800","caller":"goweb/main.go:50","msg":"redis init success"}
{"level":"INFO","time":"2023-12-21T22:24:05.266+0800","caller":"goweb/main.go:53","msg":"snowflake init..."}
{"level":"INFO","time":"2023-12-21T22:24:05.266+0800","caller":"goweb/main.go:58","msg":"snowflake init success"}
{"level":"INFO","time":"2023-12-21T22:24:05.266+0800","caller":"goweb/main.go:60","msg":"validator init..."}
{"level":"INFO","time":"2023-12-21T22:24:05.266+0800","caller":"goweb/main.go:65","msg":"validator init success"}
{"level":"INFO","time":"2023-12-21T22:24:06.903+0800","caller":"logger/logger.go:97","msg":"/api/v1/community","status":200,"method":"GET","path":"/api/v1/community","query":"","ip":"127.0.0.1","user-agent":"PostmanRuntime/7.36.0","errors":"","cost":0.0010235}
{"level":"INFO","time":"2023-12-21T22:24:08.115+0800","caller":"logger/logger.go:97","msg":"/api/v1/community","status":200,"method":"GET","path":"/api/v1/community","query":"","ip":"127.0.0.1","user-agent":"PostmanRuntime/7.36.0","errors":"","cost":0.0010602}
{"level":"INFO","time":"2023-12-21T22:24:18.769+0800","caller":"goweb/main.go:34","msg":"logger init success"}
{"level":"INFO","time":"2023-12-21T22:24:18.770+0800","caller":"goweb/main.go:37","msg":"mysql init..."}
{"level":"INFO","time":"2023-12-21T22:24:18.772+0800","caller":"goweb/main.go:42","msg":"mysql init success"}
{"level":"INFO","time":"2023-12-21T22:24:18.772+0800","caller":"goweb/main.go:45","msg":"redis init..."}
{"level":"INFO","time":"2023-12-21T22:24:18.773+0800","caller":"goweb/main.go:50","msg":"redis init success"}
{"level":"INFO","time":"2023-12-21T22:24:18.773+0800","caller":"goweb/main.go:53","msg":"snowflake init..."}
{"level":"INFO","time":"2023-12-21T22:24:18.773+0800","caller":"goweb/main.go:58","msg":"snowflake init success"}
{"level":"INFO","time":"2023-12-21T22:24:18.773+0800","caller":"goweb/main.go:60","msg":"validator init..."}
{"level":"INFO","time":"2023-12-21T22:24:18.773+0800","caller":"goweb/main.go:65","msg":"validator init success"}
{"level":"INFO","time":"2023-12-21T22:24:27.166+0800","caller":"logger/logger.go:97","msg":"/api/v1/community","status":200,"method":"GET","path":"/api/v1/community","query":"","ip":"127.0.0.1","user-agent":"PostmanRuntime/7.36.0","errors":"","cost":0.0010753}
{"level":"INFO","time":"2023-12-22T14:30:31.977+0800","caller":"goweb/main.go:34","msg":"logger init success"}
{"level":"INFO","time":"2023-12-22T14:30:31.980+0800","caller":"goweb/main.go:37","msg":"mysql init..."}
{"level":"ERROR","time":"2023-12-22T14:30:31.998+0800","caller":"mysql/mysql.go:26","msg":"connect DB failed, err: %v\n","error":"unknown time zone local"}
{"level":"INFO","time":"2023-12-22T14:31:05.043+0800","caller":"goweb/main.go:34","msg":"logger init success"}
{"level":"INFO","time":"2023-12-22T14:31:05.044+0800","caller":"goweb/main.go:37","msg":"mysql init..."}
{"level":"INFO","time":"2023-12-22T14:31:05.085+0800","caller":"goweb/main.go:42","msg":"mysql init success"}
{"level":"INFO","time":"2023-12-22T14:31:05.085+0800","caller":"goweb/main.go:45","msg":"redis init..."}
{"level":"INFO","time":"2023-12-22T14:31:05.086+0800","caller":"goweb/main.go:50","msg":"redis init success"}
{"level":"INFO","time":"2023-12-22T14:31:05.086+0800","caller":"goweb/main.go:53","msg":"snowflake init..."}
{"level":"INFO","time":"2023-12-22T14:31:05.086+0800","caller":"goweb/main.go:58","msg":"snowflake init success"}
{"level":"INFO","time":"2023-12-22T14:31:05.086+0800","caller":"goweb/main.go:60","msg":"validator init..."}
{"level":"INFO","time":"2023-12-22T14:31:05.086+0800","caller":"goweb/main.go:65","msg":"validator init success"}
{"level":"ERROR","time":"2023-12-22T14:31:08.410+0800","caller":"controller/community.go:28","msg":"logic.GetCommunityList()","error":"Error 1054: Unknown column 'create_time' in 'field list'"}
{"level":"INFO","time":"2023-12-22T14:31:08.410+0800","caller":"logger/logger.go:97","msg":"/api/v1/community/1","status":200,"method":"GET","path":"/api/v1/community/1","query":"","ip":"127.0.0.1","user-agent":"PostmanRuntime/7.36.0","errors":"","cost":0.0308924}
{"level":"ERROR","time":"2023-12-22T14:32:02.118+0800","caller":"controller/community.go:28","msg":"logic.GetCommunityList()","error":"Error 1054: Unknown column 'create_time' in 'field list'"}
{"level":"INFO","time":"2023-12-22T14:32:02.119+0800","caller":"logger/logger.go:97","msg":"/api/v1/community/1","status":200,"method":"GET","path":"/api/v1/community/1","query":"","ip":"127.0.0.1","user-agent":"PostmanRuntime/7.36.0","errors":"","cost":0.0015044}
{"level":"INFO","time":"2023-12-22T14:33:20.982+0800","caller":"logger/logger.go:97","msg":"/api/v1/community","status":200,"method":"GET","path":"/api/v1/community","query":"","ip":"127.0.0.1","user-agent":"PostmanRuntime/7.36.0","errors":"","cost":0.0020033}
{"level":"ERROR","time":"2023-12-22T14:33:32.882+0800","caller":"controller/community.go:28","msg":"logic.GetCommunityList()","error":"Error 1054: Unknown column 'create_time' in 'field list'"}
{"level":"INFO","time":"2023-12-22T14:33:32.882+0800","caller":"logger/logger.go:97","msg":"/api/v1/community/1","status":200,"method":"GET","path":"/api/v1/community/1","query":"","ip":"127.0.0.1","user-agent":"PostmanRuntime/7.36.0","errors":"","cost":0.0011903}
{"level":"INFO","time":"2023-12-22T14:33:59.648+0800","caller":"goweb/main.go:34","msg":"logger init success"}
{"level":"INFO","time":"2023-12-22T14:33:59.649+0800","caller":"goweb/main.go:37","msg":"mysql init..."}
{"level":"INFO","time":"2023-12-22T14:33:59.653+0800","caller":"goweb/main.go:42","msg":"mysql init success"}
{"level":"INFO","time":"2023-12-22T14:33:59.653+0800","caller":"goweb/main.go:45","msg":"redis init..."}
{"level":"INFO","time":"2023-12-22T14:33:59.654+0800","caller":"goweb/main.go:50","msg":"redis init success"}
{"level":"INFO","time":"2023-12-22T14:33:59.654+0800","caller":"goweb/main.go:53","msg":"snowflake init..."}
{"level":"INFO","time":"2023-12-22T14:33:59.654+0800","caller":"goweb/main.go:58","msg":"snowflake init success"}
{"level":"INFO","time":"2023-12-22T14:33:59.654+0800","caller":"goweb/main.go:60","msg":"validator init..."}
{"level":"INFO","time":"2023-12-22T14:33:59.654+0800","caller":"goweb/main.go:65","msg":"validator init success"}
{"level":"ERROR","time":"2023-12-22T14:34:05.048+0800","caller":"controller/community.go:28","msg":"logic.GetCommunityList()","error":"Error 1054: Unknown column 'create_time' in 'field list'"}
{"level":"INFO","time":"2023-12-22T14:34:05.049+0800","caller":"logger/logger.go:97","msg":"/api/v1/community/1","status":200,"method":"GET","path":"/api/v1/community/1","query":"","ip":"127.0.0.1","user-agent":"PostmanRuntime/7.36.0","errors":"","cost":0.0017957}
{"level":"ERROR","time":"2023-12-22T14:34:09.580+0800","caller":"controller/community.go:28","msg":"logic.GetCommunityList()","error":"Error 1054: Unknown column 'create_time' in 'field list'"}
{"level":"INFO","time":"2023-12-22T14:34:09.580+0800","caller":"logger/logger.go:97","msg":"/api/v1/community/1","status":200,"method":"GET","path":"/api/v1/community/1","query":"","ip":"127.0.0.1","user-agent":"PostmanRuntime/7.36.0","errors":"","cost":0.0015046}
{"level":"INFO","time":"2023-12-22T14:34:58.630+0800","caller":"goweb/main.go:34","msg":"logger init success"}
{"level":"INFO","time":"2023-12-22T14:34:58.631+0800","caller":"goweb/main.go:37","msg":"mysql init..."}
{"level":"INFO","time":"2023-12-22T14:34:58.634+0800","caller":"goweb/main.go:42","msg":"mysql init success"}
{"level":"INFO","time":"2023-12-22T14:34:58.634+0800","caller":"goweb/main.go:45","msg":"redis init..."}
{"level":"INFO","time":"2023-12-22T14:34:58.636+0800","caller":"goweb/main.go:50","msg":"redis init success"}
{"level":"INFO","time":"2023-12-22T14:34:58.636+0800","caller":"goweb/main.go:53","msg":"snowflake init..."}
{"level":"INFO","time":"2023-12-22T14:34:58.636+0800","caller":"goweb/main.go:58","msg":"snowflake init success"}
{"level":"INFO","time":"2023-12-22T14:34:58.636+0800","caller":"goweb/main.go:60","msg":"validator init..."}
{"level":"INFO","time":"2023-12-22T14:34:58.637+0800","caller":"goweb/main.go:65","msg":"validator init success"}
{"level":"ERROR","time":"2023-12-22T14:35:02.876+0800","caller":"controller/community.go:28","msg":"logic.GetCommunityList()","error":"Error 1054: Unknown column 'create_time' in 'field list'"}
{"level":"INFO","time":"2023-12-22T14:35:02.876+0800","caller":"logger/logger.go:97","msg":"/api/v1/community/1","status":200,"method":"GET","path":"/api/v1/community/1","query":"","ip":"127.0.0.1","user-agent":"PostmanRuntime/7.36.0","errors":"","cost":0.0016044}
{"level":"INFO","time":"2023-12-22T14:38:27.572+0800","caller":"goweb/main.go:34","msg":"logger init success"}
{"level":"INFO","time":"2023-12-22T14:38:27.573+0800","caller":"goweb/main.go:37","msg":"mysql init..."}
{"level":"INFO","time":"2023-12-22T14:38:27.576+0800","caller":"goweb/main.go:42","msg":"mysql init success"}
{"level":"INFO","time":"2023-12-22T14:38:27.577+0800","caller":"goweb/main.go:45","msg":"redis init..."}
{"level":"INFO","time":"2023-12-22T14:38:27.578+0800","caller":"goweb/main.go:50","msg":"redis init success"}
{"level":"INFO","time":"2023-12-22T14:38:27.578+0800","caller":"goweb/main.go:53","msg":"snowflake init..."}
{"level":"INFO","time":"2023-12-22T14:38:27.578+0800","caller":"goweb/main.go:58","msg":"snowflake init success"}
{"level":"INFO","time":"2023-12-22T14:38:27.578+0800","caller":"goweb/main.go:60","msg":"validator init..."}
{"level":"INFO","time":"2023-12-22T14:38:27.578+0800","caller":"goweb/main.go:65","msg":"validator init success"}
{"level":"ERROR","time":"2023-12-22T14:38:31.293+0800","caller":"controller/community.go:28","msg":"logic.GetCommunityList()","error":"expected slice but got struct"}
{"level":"INFO","time":"2023-12-22T14:38:31.296+0800","caller":"logger/logger.go:97","msg":"/api/v1/community/1","status":200,"method":"GET","path":"/api/v1/community/1","query":"","ip":"127.0.0.1","user-agent":"PostmanRuntime/7.36.0","errors":"","cost":0.0032264}
{"level":"ERROR","time":"2023-12-22T14:38:34.010+0800","caller":"controller/community.go:28","msg":"logic.GetCommunityList()","error":"expected slice but got struct"}
{"level":"INFO","time":"2023-12-22T14:38:34.010+0800","caller":"logger/logger.go:97","msg":"/api/v1/community/1","status":200,"method":"GET","path":"/api/v1/community/1","query":"","ip":"127.0.0.1","user-agent":"PostmanRuntime/7.36.0","errors":"","cost":0.0046921}
{"level":"ERROR","time":"2023-12-22T14:38:37.295+0800","caller":"controller/community.go:28","msg":"logic.GetCommunityList()","error":"expected slice but got struct"}
{"level":"INFO","time":"2023-12-22T14:38:37.296+0800","caller":"logger/logger.go:97","msg":"/api/v1/community/1","status":200,"method":"GET","path":"/api/v1/community/1","query":"","ip":"127.0.0.1","user-agent":"PostmanRuntime/7.36.0","errors":"","cost":0.0021333}
{"level":"INFO","time":"2023-12-22T14:38:47.970+0800","caller":"goweb/main.go:34","msg":"logger init success"}
{"level":"INFO","time":"2023-12-22T14:38:47.972+0800","caller":"goweb/main.go:37","msg":"mysql init..."}
{"level":"INFO","time":"2023-12-22T14:38:47.978+0800","caller":"goweb/main.go:42","msg":"mysql init success"}
{"level":"INFO","time":"2023-12-22T14:38:47.978+0800","caller":"goweb/main.go:45","msg":"redis init..."}
{"level":"INFO","time":"2023-12-22T14:38:47.979+0800","caller":"goweb/main.go:50","msg":"redis init success"}
{"level":"INFO","time":"2023-12-22T14:38:47.979+0800","caller":"goweb/main.go:53","msg":"snowflake init..."}
{"level":"INFO","time":"2023-12-22T14:38:47.979+0800","caller":"goweb/main.go:58","msg":"snowflake init success"}
{"level":"INFO","time":"2023-12-22T14:38:47.979+0800","caller":"goweb/main.go:60","msg":"validator init..."}
{"level":"INFO","time":"2023-12-22T14:38:47.980+0800","caller":"goweb/main.go:65","msg":"validator init success"}
{"level":"ERROR","time":"2023-12-22T14:38:50.529+0800","caller":"controller/community.go:28","msg":"logic.GetCommunityList()","error":"expected slice but got struct"}
{"level":"INFO","time":"2023-12-22T14:38:50.529+0800","caller":"logger/logger.go:97","msg":"/api/v1/community/1","status":200,"method":"GET","path":"/api/v1/community/1","query":"","ip":"127.0.0.1","user-agent":"PostmanRuntime/7.36.0","errors":"","cost":0.003006}
{"level":"INFO","time":"2023-12-22T14:41:13.374+0800","caller":"goweb/main.go:34","msg":"logger init success"}
{"level":"INFO","time":"2023-12-22T14:41:13.375+0800","caller":"goweb/main.go:37","msg":"mysql init..."}
{"level":"INFO","time":"2023-12-22T14:41:13.378+0800","caller":"goweb/main.go:42","msg":"mysql init success"}
{"level":"INFO","time":"2023-12-22T14:41:13.379+0800","caller":"goweb/main.go:45","msg":"redis init..."}
{"level":"INFO","time":"2023-12-22T14:41:13.379+0800","caller":"goweb/main.go:50","msg":"redis init success"}
{"level":"INFO","time":"2023-12-22T14:41:13.380+0800","caller":"goweb/main.go:53","msg":"snowflake init..."}
{"level":"INFO","time":"2023-12-22T14:41:13.380+0800","caller":"goweb/main.go:58","msg":"snowflake init success"}
{"level":"INFO","time":"2023-12-22T14:41:13.380+0800","caller":"goweb/main.go:60","msg":"validator init..."}
{"level":"INFO","time":"2023-12-22T14:41:13.380+0800","caller":"goweb/main.go:65","msg":"validator init success"}
{"level":"ERROR","time":"2023-12-22T14:41:15.842+0800","caller":"controller/community.go:28","msg":"logic.GetCommunityList()","error":"missing destination name introduction in *models.CommunityDetail"}
{"level":"INFO","time":"2023-12-22T14:41:15.843+0800","caller":"logger/logger.go:97","msg":"/api/v1/community/1","status":200,"method":"GET","path":"/api/v1/community/1","query":"","ip":"127.0.0.1","user-agent":"PostmanRuntime/7.36.0","errors":"","cost":0.0025068}
{"level":"INFO","time":"2023-12-22T14:41:21.035+0800","caller":"logger/logger.go:97","msg":"/api/v1/community","status":200,"method":"GET","path":"/api/v1/community","query":"","ip":"127.0.0.1","user-agent":"PostmanRuntime/7.36.0","errors":"","cost":0.001503}
{"level":"ERROR","time":"2023-12-22T14:41:25.784+0800","caller":"controller/community.go:28","msg":"logic.GetCommunityList()","error":"missing destination name introduction in *models.CommunityDetail"}
{"level":"INFO","time":"2023-12-22T14:41:25.785+0800","caller":"logger/logger.go:97","msg":"/api/v1/community/1","status":200,"method":"GET","path":"/api/v1/community/1","query":"","ip":"127.0.0.1","user-agent":"PostmanRuntime/7.36.0","errors":"","cost":0.0024688}
{"level":"INFO","time":"2023-12-22T14:42:42.488+0800","caller":"goweb/main.go:34","msg":"logger init success"}
{"level":"INFO","time":"2023-12-22T14:42:42.489+0800","caller":"goweb/main.go:37","msg":"mysql init..."}
{"level":"INFO","time":"2023-12-22T14:42:42.492+0800","caller":"goweb/main.go:42","msg":"mysql init success"}
{"level":"INFO","time":"2023-12-22T14:42:42.493+0800","caller":"goweb/main.go:45","msg":"redis init..."}
{"level":"INFO","time":"2023-12-22T14:42:42.493+0800","caller":"goweb/main.go:50","msg":"redis init success"}
{"level":"INFO","time":"2023-12-22T14:42:42.493+0800","caller":"goweb/main.go:53","msg":"snowflake init..."}
{"level":"INFO","time":"2023-12-22T14:42:42.494+0800","caller":"goweb/main.go:58","msg":"snowflake init success"}
{"level":"INFO","time":"2023-12-22T14:42:42.494+0800","caller":"goweb/main.go:60","msg":"validator init..."}
{"level":"INFO","time":"2023-12-22T14:42:42.494+0800","caller":"goweb/main.go:65","msg":"validator init success"}
{"level":"ERROR","time":"2023-12-22T14:42:45.761+0800","caller":"controller/community.go:28","msg":"logic.GetCommunityList()","error":"missing destination name introduction in *models.CommunityDetail"}
{"level":"INFO","time":"2023-12-22T14:42:45.762+0800","caller":"logger/logger.go:97","msg":"/api/v1/community/1","status":200,"method":"GET","path":"/api/v1/community/1","query":"","ip":"127.0.0.1","user-agent":"PostmanRuntime/7.36.0","errors":"","cost":0.0027349}
{"level":"INFO","time":"2023-12-22T14:43:14.689+0800","caller":"goweb/main.go:34","msg":"logger init success"}
{"level":"INFO","time":"2023-12-22T14:43:14.690+0800","caller":"goweb/main.go:37","msg":"mysql init..."}
{"level":"INFO","time":"2023-12-22T14:43:14.694+0800","caller":"goweb/main.go:42","msg":"mysql init success"}
{"level":"INFO","time":"2023-12-22T14:43:14.694+0800","caller":"goweb/main.go:45","msg":"redis init..."}
{"level":"INFO","time":"2023-12-22T14:43:14.694+0800","caller":"goweb/main.go:50","msg":"redis init success"}
{"level":"INFO","time":"2023-12-22T14:43:14.695+0800","caller":"goweb/main.go:53","msg":"snowflake init..."}
{"level":"INFO","time":"2023-12-22T14:43:14.695+0800","caller":"goweb/main.go:58","msg":"snowflake init success"}
{"level":"INFO","time":"2023-12-22T14:43:14.695+0800","caller":"goweb/main.go:60","msg":"validator init..."}
{"level":"INFO","time":"2023-12-22T14:43:14.695+0800","caller":"goweb/main.go:65","msg":"validator init success"}
{"level":"ERROR","time":"2023-12-22T14:43:41.896+0800","caller":"controller/community.go:28","msg":"logic.GetCommunityList()","error":"missing destination name introduction in *models.CommunityDetail"}
{"level":"INFO","time":"2023-12-22T14:43:41.896+0800","caller":"logger/logger.go:97","msg":"/api/v1/community/1","status":200,"method":"GET","path":"/api/v1/community/1","query":"","ip":"127.0.0.1","user-agent":"PostmanRuntime/7.36.0","errors":"","cost":0.0028202}
{"level":"INFO","time":"2023-12-22T14:43:48.613+0800","caller":"goweb/main.go:34","msg":"logger init success"}
{"level":"INFO","time":"2023-12-22T14:43:48.614+0800","caller":"goweb/main.go:37","msg":"mysql init..."}
{"level":"INFO","time":"2023-12-22T14:43:48.617+0800","caller":"goweb/main.go:42","msg":"mysql init success"}
{"level":"INFO","time":"2023-12-22T14:43:48.617+0800","caller":"goweb/main.go:45","msg":"redis init..."}
{"level":"INFO","time":"2023-12-22T14:43:48.618+0800","caller":"goweb/main.go:50","msg":"redis init success"}
{"level":"INFO","time":"2023-12-22T14:43:48.618+0800","caller":"goweb/main.go:53","msg":"snowflake init..."}
{"level":"INFO","time":"2023-12-22T14:43:48.618+0800","caller":"goweb/main.go:58","msg":"snowflake init success"}
{"level":"INFO","time":"2023-12-22T14:43:48.618+0800","caller":"goweb/main.go:60","msg":"validator init..."}
{"level":"INFO","time":"2023-12-22T14:43:48.618+0800","caller":"goweb/main.go:65","msg":"validator init success"}
{"level":"ERROR","time":"2023-12-22T14:43:52.440+0800","caller":"controller/community.go:28","msg":"logic.GetCommunityList()","error":"missing destination name introduction in *models.CommunityDetail"}
{"level":"INFO","time":"2023-12-22T14:43:52.441+0800","caller":"logger/logger.go:97","msg":"/api/v1/community/1","status":200,"method":"GET","path":"/api/v1/community/1","query":"","ip":"127.0.0.1","user-agent":"PostmanRuntime/7.36.0","errors":"","cost":0.0025057}
{"level":"INFO","time":"2023-12-22T14:44:10.048+0800","caller":"goweb/main.go:34","msg":"logger init success"}
{"level":"INFO","time":"2023-12-22T14:44:10.049+0800","caller":"goweb/main.go:37","msg":"mysql init..."}
{"level":"INFO","time":"2023-12-22T14:44:10.053+0800","caller":"goweb/main.go:42","msg":"mysql init success"}
{"level":"INFO","time":"2023-12-22T14:44:10.053+0800","caller":"goweb/main.go:45","msg":"redis init..."}
{"level":"INFO","time":"2023-12-22T14:44:10.053+0800","caller":"goweb/main.go:50","msg":"redis init success"}
{"level":"INFO","time":"2023-12-22T14:44:10.054+0800","caller":"goweb/main.go:53","msg":"snowflake init..."}
{"level":"INFO","time":"2023-12-22T14:44:10.054+0800","caller":"goweb/main.go:58","msg":"snowflake init success"}
{"level":"INFO","time":"2023-12-22T14:44:10.054+0800","caller":"goweb/main.go:60","msg":"validator init..."}
{"level":"INFO","time":"2023-12-22T14:44:10.054+0800","caller":"goweb/main.go:65","msg":"validator init success"}
{"level":"INFO","time":"2023-12-22T14:44:11.028+0800","caller":"logger/logger.go:97","msg":"/api/v1/community/1","status":200,"method":"GET","path":"/api/v1/community/1","query":"","ip":"127.0.0.1","user-agent":"PostmanRuntime/7.36.0","errors":"","cost":0.0020011}
{"level":"INFO","time":"2023-12-22T16:16:55.903+0800","caller":"goweb/main.go:34","msg":"logger init success"}
{"level":"INFO","time":"2023-12-22T16:16:55.906+0800","caller":"goweb/main.go:37","msg":"mysql init..."}
{"level":"INFO","time":"2023-12-22T16:16:55.909+0800","caller":"goweb/main.go:42","msg":"mysql init success"}
{"level":"INFO","time":"2023-12-22T16:16:55.909+0800","caller":"goweb/main.go:45","msg":"redis init..."}
{"level":"INFO","time":"2023-12-22T16:16:55.910+0800","caller":"goweb/main.go:50","msg":"redis init success"}
{"level":"INFO","time":"2023-12-22T16:16:55.910+0800","caller":"goweb/main.go:53","msg":"snowflake init..."}
{"level":"INFO","time":"2023-12-22T16:16:55.910+0800","caller":"goweb/main.go:58","msg":"snowflake init success"}
{"level":"INFO","time":"2023-12-22T16:16:55.910+0800","caller":"goweb/main.go:60","msg":"validator init..."}
{"level":"INFO","time":"2023-12-22T16:16:55.911+0800","caller":"goweb/main.go:65","msg":"validator init success"}
{"level":"INFO","time":"2023-12-22T16:17:57.637+0800","caller":"logger/logger.go:97","msg":"/api/v1/post","status":200,"method":"GET","path":"/api/v1/post","query":"","ip":"127.0.0.1","user-agent":"PostmanRuntime/7.36.0","errors":"","cost":0}
{"level":"INFO","time":"2023-12-22T16:19:13.067+0800","caller":"goweb/main.go:34","msg":"logger init success"}
{"level":"INFO","time":"2023-12-22T16:19:13.068+0800","caller":"goweb/main.go:37","msg":"mysql init..."}
{"level":"INFO","time":"2023-12-22T16:19:13.073+0800","caller":"goweb/main.go:42","msg":"mysql init success"}
{"level":"INFO","time":"2023-12-22T16:19:13.073+0800","caller":"goweb/main.go:45","msg":"redis init..."}
{"level":"INFO","time":"2023-12-22T16:19:13.074+0800","caller":"goweb/main.go:50","msg":"redis init success"}
{"level":"INFO","time":"2023-12-22T16:19:13.074+0800","caller":"goweb/main.go:53","msg":"snowflake init..."}
{"level":"INFO","time":"2023-12-22T16:19:13.074+0800","caller":"goweb/main.go:58","msg":"snowflake init success"}
{"level":"INFO","time":"2023-12-22T16:19:13.074+0800","caller":"goweb/main.go:60","msg":"validator init..."}
{"level":"INFO","time":"2023-12-22T16:19:13.075+0800","caller":"goweb/main.go:65","msg":"validator init success"}
{"level":"INFO","time":"2023-12-22T16:19:15.612+0800","caller":"logger/logger.go:97","msg":"/api/v1/post","status":200,"method":"GET","path":"/api/v1/post","query":"","ip":"127.0.0.1","user-agent":"PostmanRuntime/7.36.0","errors":"","cost":0}
{"level":"INFO","time":"2023-12-22T16:20:07.894+0800","caller":"goweb/main.go:34","msg":"logger init success"}
{"level":"INFO","time":"2023-12-22T16:20:07.896+0800","caller":"goweb/main.go:37","msg":"mysql init..."}
{"level":"INFO","time":"2023-12-22T16:20:07.899+0800","caller":"goweb/main.go:42","msg":"mysql init success"}
{"level":"INFO","time":"2023-12-22T16:20:07.899+0800","caller":"goweb/main.go:45","msg":"redis init..."}
{"level":"INFO","time":"2023-12-22T16:20:07.900+0800","caller":"goweb/main.go:50","msg":"redis init success"}
{"level":"INFO","time":"2023-12-22T16:20:07.900+0800","caller":"goweb/main.go:53","msg":"snowflake init..."}
{"level":"INFO","time":"2023-12-22T16:20:07.900+0800","caller":"goweb/main.go:58","msg":"snowflake init success"}
{"level":"INFO","time":"2023-12-22T16:20:07.900+0800","caller":"goweb/main.go:60","msg":"validator init..."}
{"level":"INFO","time":"2023-12-22T16:20:07.900+0800","caller":"goweb/main.go:65","msg":"validator init success"}
{"level":"INFO","time":"2023-12-22T16:20:27.240+0800","caller":"logger/logger.go:97","msg":"/api/v1/post","status":200,"method":"GET","path":"/api/v1/post","query":"","ip":"127.0.0.1","user-agent":"PostmanRuntime/7.36.0","errors":"","cost":0}
{"level":"INFO","time":"2023-12-22T16:22:12.270+0800","caller":"goweb/main.go:34","msg":"logger init success"}
{"level":"INFO","time":"2023-12-22T16:22:12.271+0800","caller":"goweb/main.go:37","msg":"mysql init..."}
{"level":"INFO","time":"2023-12-22T16:22:12.274+0800","caller":"goweb/main.go:42","msg":"mysql init success"}
{"level":"INFO","time":"2023-12-22T16:22:12.274+0800","caller":"goweb/main.go:45","msg":"redis init..."}
{"level":"INFO","time":"2023-12-22T16:22:12.275+0800","caller":"goweb/main.go:50","msg":"redis init success"}
{"level":"INFO","time":"2023-12-22T16:22:12.275+0800","caller":"goweb/main.go:53","msg":"snowflake init..."}
{"level":"INFO","time":"2023-12-22T16:22:12.275+0800","caller":"goweb/main.go:58","msg":"snowflake init success"}
{"level":"INFO","time":"2023-12-22T16:22:12.275+0800","caller":"goweb/main.go:60","msg":"validator init..."}
{"level":"INFO","time":"2023-12-22T16:22:12.276+0800","caller":"goweb/main.go:65","msg":"validator init success"}
{"level":"INFO","time":"2023-12-22T16:22:14.527+0800","caller":"logger/logger.go:97","msg":"/api/v1/post","status":200,"method":"GET","path":"/api/v1/post","query":"","ip":"127.0.0.1","user-agent":"PostmanRuntime/7.36.0","errors":"","cost":0}
{"level":"INFO","time":"2023-12-22T16:22:46.482+0800","caller":"logger/logger.go:97","msg":"/api/v1/post","status":200,"method":"POST","path":"/api/v1/post","query":"","ip":"127.0.0.1","user-agent":"PostmanRuntime/7.36.0","errors":"","cost":0.0056322}
{"level":"INFO","time":"2023-12-22T16:33:39.279+0800","caller":"goweb/main.go:34","msg":"logger init success"}
{"level":"INFO","time":"2023-12-22T16:33:39.281+0800","caller":"goweb/main.go:37","msg":"mysql init..."}
{"level":"INFO","time":"2023-12-22T16:33:39.288+0800","caller":"goweb/main.go:42","msg":"mysql init success"}
{"level":"INFO","time":"2023-12-22T16:33:39.288+0800","caller":"goweb/main.go:45","msg":"redis init..."}
{"level":"INFO","time":"2023-12-22T16:33:39.289+0800","caller":"goweb/main.go:50","msg":"redis init success"}
{"level":"INFO","time":"2023-12-22T16:33:39.289+0800","caller":"goweb/main.go:53","msg":"snowflake init..."}
{"level":"INFO","time":"2023-12-22T16:33:39.289+0800","caller":"goweb/main.go:58","msg":"snowflake init success"}
{"level":"INFO","time":"2023-12-22T16:33:39.289+0800","caller":"goweb/main.go:60","msg":"validator init..."}
{"level":"INFO","time":"2023-12-22T16:33:39.290+0800","caller":"goweb/main.go:65","msg":"validator init success"}
{"level":"INFO","time":"2023-12-22T16:34:00.670+0800","caller":"logger/logger.go:97","msg":"/api/v1/post/851303106351104","status":200,"method":"POST","path":"/api/v1/post/851303106351104","query":"","ip":"127.0.0.1","user-agent":"PostmanRuntime/7.36.0","errors":"","cost":0}
{"level":"ERROR","time":"2023-12-22T16:34:14.940+0800","caller":"controller/post.go:48","msg":"logic.GetPostDetail(pid) failed","error":"Error 1064: You have an error in your SQL syntax; check the manual that corresponds to your MySQL server version for the right syntax to use near '== ?' at line 1"}
{"level":"INFO","time":"2023-12-22T16:34:14.940+0800","caller":"logger/logger.go:97","msg":"/api/v1/post/851303106351104","status":200,"method":"GET","path":"/api/v1/post/851303106351104","query":"","ip":"127.0.0.1","user-agent":"PostmanRuntime/7.36.0","errors":"","cost":0.0015046}
{"level":"ERROR","time":"2023-12-22T16:34:27.467+0800","caller":"controller/post.go:48","msg":"logic.GetPostDetail(pid) failed","error":"Error 1064: You have an error in your SQL syntax; check the manual that corresponds to your MySQL server version for the right syntax to use near '== ?' at line 1"}
{"level":"INFO","time":"2023-12-22T16:34:27.468+0800","caller":"logger/logger.go:97","msg":"/api/v1/post/851303106351104","status":200,"method":"GET","path":"/api/v1/post/851303106351104","query":"","ip":"127.0.0.1","user-agent":"PostmanRuntime/7.36.0","errors":"","cost":0.0021521}
{"level":"ERROR","time":"2023-12-22T16:34:38.188+0800","caller":"controller/post.go:48","msg":"logic.GetPostDetail(pid) failed","error":"Error 1064: You have an error in your SQL syntax; check the manual that corresponds to your MySQL server version for the right syntax to use near '== ?' at line 1"}
{"level":"INFO","time":"2023-12-22T16:34:38.188+0800","caller":"logger/logger.go:97","msg":"/api/v1/post/851303106351104","status":200,"method":"GET","path":"/api/v1/post/851303106351104","query":"","ip":"127.0.0.1","user-agent":"PostmanRuntime/7.36.0","errors":"","cost":0.0005018}
{"level":"ERROR","time":"2023-12-22T16:34:39.322+0800","caller":"controller/post.go:48","msg":"logic.GetPostDetail(pid) failed","error":"Error 1064: You have an error in your SQL syntax; check the manual that corresponds to your MySQL server version for the right syntax to use near '== ?' at line 1"}
{"level":"INFO","time":"2023-12-22T16:34:39.322+0800","caller":"logger/logger.go:97","msg":"/api/v1/post/851303106351104","status":200,"method":"GET","path":"/api/v1/post/851303106351104","query":"","ip":"127.0.0.1","user-agent":"PostmanRuntime/7.36.0","errors":"","cost":0.0005016}
{"level":"ERROR","time":"2023-12-22T16:34:40.329+0800","caller":"controller/post.go:48","msg":"logic.GetPostDetail(pid) failed","error":"Error 1064: You have an error in your SQL syntax; check the manual that corresponds to your MySQL server version for the right syntax to use near '== ?' at line 1"}
{"level":"INFO","time":"2023-12-22T16:34:40.333+0800","caller":"logger/logger.go:97","msg":"/api/v1/post/851303106351104","status":200,"method":"GET","path":"/api/v1/post/851303106351104","query":"","ip":"127.0.0.1","user-agent":"PostmanRuntime/7.36.0","errors":"","cost":0.0045079}
{"level":"ERROR","time":"2023-12-22T16:34:41.297+0800","caller":"controller/post.go:48","msg":"logic.GetPostDetail(pid) failed","error":"Error 1064: You have an error in your SQL syntax; check the manual that corresponds to your MySQL server version for the right syntax to use near '== ?' at line 1"}
{"level":"INFO","time":"2023-12-22T16:34:41.297+0800","caller":"logger/logger.go:97","msg":"/api/v1/post/851303106351104","status":200,"method":"GET","path":"/api/v1/post/851303106351104","query":"","ip":"127.0.0.1","user-agent":"PostmanRuntime/7.36.0","errors":"","cost":0.0005093}
{"level":"INFO","time":"2023-12-22T16:35:43.220+0800","caller":"goweb/main.go:34","msg":"logger init success"}
{"level":"INFO","time":"2023-12-22T16:35:43.221+0800","caller":"goweb/main.go:37","msg":"mysql init..."}
{"level":"INFO","time":"2023-12-22T16:35:43.224+0800","caller":"goweb/main.go:42","msg":"mysql init success"}
{"level":"INFO","time":"2023-12-22T16:35:43.224+0800","caller":"goweb/main.go:45","msg":"redis init..."}
{"level":"INFO","time":"2023-12-22T16:35:43.225+0800","caller":"goweb/main.go:50","msg":"redis init success"}
{"level":"INFO","time":"2023-12-22T16:35:43.225+0800","caller":"goweb/main.go:53","msg":"snowflake init..."}
{"level":"INFO","time":"2023-12-22T16:35:43.225+0800","caller":"goweb/main.go:58","msg":"snowflake init success"}
{"level":"INFO","time":"2023-12-22T16:35:43.225+0800","caller":"goweb/main.go:60","msg":"validator init..."}
{"level":"INFO","time":"2023-12-22T16:35:43.226+0800","caller":"goweb/main.go:65","msg":"validator init success"}
{"level":"INFO","time":"2023-12-22T16:35:45.575+0800","caller":"logger/logger.go:97","msg":"/api/v1/post/851303106351104","status":200,"method":"GET","path":"/api/v1/post/851303106351104","query":"","ip":"127.0.0.1","user-agent":"PostmanRuntime/7.36.0","errors":"","cost":0.0015261}
{"level":"INFO","time":"2023-12-22T20:48:57.376+0800","caller":"goweb/main.go:34","msg":"logger init success"}
{"level":"INFO","time":"2023-12-22T20:48:57.377+0800","caller":"goweb/main.go:37","msg":"mysql init..."}
{"level":"ERROR","time":"2023-12-22T20:49:18.392+0800","caller":"mysql/mysql.go:26","msg":"connect DB failed, err: %v\n","error":"dial tcp 192.168.32.128:3306: connectex: A connection attempt failed because the connected party did not properly respond after a period of time, or established connection failed because connected host has failed to respond."}
{"level":"INFO","time":"2023-12-22T20:52:15.875+0800","caller":"goweb/main.go:34","msg":"logger init success"}
{"level":"INFO","time":"2023-12-22T20:52:15.877+0800","caller":"goweb/main.go:37","msg":"mysql init..."}
{"level":"ERROR","time":"2023-12-22T20:52:36.926+0800","caller":"mysql/mysql.go:26","msg":"connect DB failed, err: %v\n","error":"dial tcp 192.168.32.128:3306: connectex: A connection attempt failed because the connected party did not properly respond after a period of time, or established connection failed because connected host has failed to respond."}
{"level":"INFO","time":"2023-12-22T20:56:21.354+0800","caller":"goweb/main.go:34","msg":"logger init success"}
{"level":"INFO","time":"2023-12-22T20:56:21.355+0800","caller":"goweb/main.go:37","msg":"mysql init..."}
{"level":"INFO","time":"2023-12-22T20:56:21.373+0800","caller":"goweb/main.go:42","msg":"mysql init success"}
{"level":"INFO","time":"2023-12-22T20:56:21.373+0800","caller":"goweb/main.go:45","msg":"redis init..."}
{"level":"INFO","time":"2023-12-22T20:56:21.374+0800","caller":"goweb/main.go:50","msg":"redis init success"}
{"level":"INFO","time":"2023-12-22T20:56:21.374+0800","caller":"goweb/main.go:53","msg":"snowflake init..."}
{"level":"INFO","time":"2023-12-22T20:56:21.374+0800","caller":"goweb/main.go:58","msg":"snowflake init success"}
{"level":"INFO","time":"2023-12-22T20:56:21.375+0800","caller":"goweb/main.go:60","msg":"validator init..."}
{"level":"INFO","time":"2023-12-22T20:56:21.375+0800","caller":"goweb/main.go:65","msg":"validator init success"}
{"level":"INFO","time":"2023-12-22T20:56:37.825+0800","caller":"logger/logger.go:97","msg":"/api/v1/post/851303106351104","status":200,"method":"GET","path":"/api/v1/post/851303106351104","query":"","ip":"127.0.0.1","user-agent":"PostmanRuntime/7.36.0","errors":"","cost":0.0194538}
